<?xml version="1.0" encoding="UTF-8"?>
<testsuites>
  <testsuite name="" tests="49" assertions="114" errors="0" warnings="0" failures="0" skipped="0" time="0.092805">
    <testsuite name="Project Test Suite" tests="49" assertions="114" errors="0" warnings="0" failures="0" skipped="0" time="0.092805">
      <testsuite name="App\Card\CardGraphicTest" file="/home/parv/dbwebb-kurser/mvc/me/report/tests/Card/CardGraphicTest.php" tests="2" assertions="2" errors="0" warnings="0" failures="0" skipped="0" time="0.004264">
        <testcase name="testCreateCard" class="App\Card\CardGraphicTest" classname="App.Card.CardGraphicTest" file="/home/parv/dbwebb-kurser/mvc/me/report/tests/Card/CardGraphicTest.php" line="16" assertions="1" time="0.003834"/>
        <testcase name="testGetAsString" class="App\Card\CardGraphicTest" classname="App.Card.CardGraphicTest" file="/home/parv/dbwebb-kurser/mvc/me/report/tests/Card/CardGraphicTest.php" line="25" assertions="1" time="0.000430"/>
      </testsuite>
      <testsuite name="App\Card\CardHandTest" file="/home/parv/dbwebb-kurser/mvc/me/report/tests/Card/CardHandTest.php" tests="5" assertions="7" errors="0" warnings="0" failures="0" skipped="0" time="0.001392">
        <testcase name="testCreateHand" class="App\Card\CardHandTest" classname="App.Card.CardHandTest" file="/home/parv/dbwebb-kurser/mvc/me/report/tests/Card/CardHandTest.php" line="16" assertions="1" time="0.000413"/>
        <testcase name="testAddCardToHand" class="App\Card\CardHandTest" classname="App.Card.CardHandTest" file="/home/parv/dbwebb-kurser/mvc/me/report/tests/Card/CardHandTest.php" line="25" assertions="2" time="0.000420"/>
        <testcase name="testGetNumberOfCards" class="App\Card\CardHandTest" classname="App.Card.CardHandTest" file="/home/parv/dbwebb-kurser/mvc/me/report/tests/Card/CardHandTest.php" line="40" assertions="1" time="0.000185"/>
        <testcase name="testGetCardValues" class="App\Card\CardHandTest" classname="App.Card.CardHandTest" file="/home/parv/dbwebb-kurser/mvc/me/report/tests/Card/CardHandTest.php" line="55" assertions="1" time="0.000183"/>
        <testcase name="testGetHandAsString" class="App\Card\CardHandTest" classname="App.Card.CardHandTest" file="/home/parv/dbwebb-kurser/mvc/me/report/tests/Card/CardHandTest.php" line="71" assertions="2" time="0.000191"/>
      </testsuite>
      <testsuite name="App\Card\CardTest" file="/home/parv/dbwebb-kurser/mvc/me/report/tests/Card/CardTest.php" tests="4" assertions="6" errors="0" warnings="0" failures="0" skipped="0" time="0.000739">
        <testcase name="testCreateCard" class="App\Card\CardTest" classname="App.Card.CardTest" file="/home/parv/dbwebb-kurser/mvc/me/report/tests/Card/CardTest.php" line="16" assertions="1" time="0.000197"/>
        <testcase name="testGetCardValue" class="App\Card\CardTest" classname="App.Card.CardTest" file="/home/parv/dbwebb-kurser/mvc/me/report/tests/Card/CardTest.php" line="25" assertions="2" time="0.000174"/>
        <testcase name="testGetCardSuit" class="App\Card\CardTest" classname="App.Card.CardTest" file="/home/parv/dbwebb-kurser/mvc/me/report/tests/Card/CardTest.php" line="40" assertions="2" time="0.000185"/>
        <testcase name="testGetAsString" class="App\Card\CardTest" classname="App.Card.CardTest" file="/home/parv/dbwebb-kurser/mvc/me/report/tests/Card/CardTest.php" line="55" assertions="1" time="0.000183"/>
      </testsuite>
      <testsuite name="App\Card\DeckOfCardsTest" file="/home/parv/dbwebb-kurser/mvc/me/report/tests/Card/DeckOfCardsTest.php" tests="11" assertions="34" errors="0" warnings="0" failures="0" skipped="0" time="0.069467">
        <testcase name="testCreateDeck" class="App\Card\DeckOfCardsTest" classname="App.Card.DeckOfCardsTest" file="/home/parv/dbwebb-kurser/mvc/me/report/tests/Card/DeckOfCardsTest.php" line="15" assertions="2" time="0.000959"/>
        <testcase name="testGetDeck" class="App\Card\DeckOfCardsTest" classname="App.Card.DeckOfCardsTest" file="/home/parv/dbwebb-kurser/mvc/me/report/tests/Card/DeckOfCardsTest.php" line="26" assertions="3" time="0.000314"/>
        <testcase name="testAdd" class="App\Card\DeckOfCardsTest" classname="App.Card.DeckOfCardsTest" file="/home/parv/dbwebb-kurser/mvc/me/report/tests/Card/DeckOfCardsTest.php" line="40" assertions="3" time="0.000371"/>
        <testcase name="testGetSuitAndValue" class="App\Card\DeckOfCardsTest" classname="App.Card.DeckOfCardsTest" file="/home/parv/dbwebb-kurser/mvc/me/report/tests/Card/DeckOfCardsTest.php" line="58" assertions="3" time="0.000422"/>
        <testcase name="testGetNumberOfCardsInDeck" class="App\Card\DeckOfCardsTest" classname="App.Card.DeckOfCardsTest" file="/home/parv/dbwebb-kurser/mvc/me/report/tests/Card/DeckOfCardsTest.php" line="72" assertions="2" time="0.000323"/>
        <testcase name="testGetCardValuesAsArray" class="App\Card\DeckOfCardsTest" classname="App.Card.DeckOfCardsTest" file="/home/parv/dbwebb-kurser/mvc/me/report/tests/Card/DeckOfCardsTest.php" line="86" assertions="3" time="0.000337"/>
        <testcase name="testGetCardsInDeckAsArrayOfStrings" class="App\Card\DeckOfCardsTest" classname="App.Card.DeckOfCardsTest" file="/home/parv/dbwebb-kurser/mvc/me/report/tests/Card/DeckOfCardsTest.php" line="99" assertions="3" time="0.000347"/>
        <testcase name="testGetSortedCardsInDeckAsArrayOfStrings" class="App\Card\DeckOfCardsTest" classname="App.Card.DeckOfCardsTest" file="/home/parv/dbwebb-kurser/mvc/me/report/tests/Card/DeckOfCardsTest.php" line="112" assertions="4" time="0.000945"/>
        <testcase name="testShuffleOfDeck" class="App\Card\DeckOfCardsTest" classname="App.Card.DeckOfCardsTest" file="/home/parv/dbwebb-kurser/mvc/me/report/tests/Card/DeckOfCardsTest.php" line="126" assertions="1" time="0.064656"/>
        <testcase name="testgetSortedBySuit" class="App\Card\DeckOfCardsTest" classname="App.Card.DeckOfCardsTest" file="/home/parv/dbwebb-kurser/mvc/me/report/tests/Card/DeckOfCardsTest.php" line="139" assertions="5" time="0.000459"/>
        <testcase name="testDrawingCardFromDeck" class="App\Card\DeckOfCardsTest" classname="App.Card.DeckOfCardsTest" file="/home/parv/dbwebb-kurser/mvc/me/report/tests/Card/DeckOfCardsTest.php" line="164" assertions="5" time="0.000332"/>
      </testsuite>
      <testsuite name="App\Dice\DiceGraphicTest" file="/home/parv/dbwebb-kurser/mvc/me/report/tests/Dice/DiceGraphicTest.php" tests="2" assertions="3" errors="0" warnings="0" failures="0" skipped="0" time="0.000761">
        <testcase name="testCreateDice" class="App\Dice\DiceGraphicTest" classname="App.Dice.DiceGraphicTest" file="/home/parv/dbwebb-kurser/mvc/me/report/tests/Dice/DiceGraphicTest.php" line="16" assertions="2" time="0.000574"/>
        <testcase name="testGetAsString" class="App\Dice\DiceGraphicTest" classname="App.Dice.DiceGraphicTest" file="/home/parv/dbwebb-kurser/mvc/me/report/tests/Dice/DiceGraphicTest.php" line="29" assertions="1" time="0.000187"/>
      </testsuite>
      <testsuite name="App\Dice\DiceHandTest" file="/home/parv/dbwebb-kurser/mvc/me/report/tests/Dice/DiceHandTest.php" tests="4" assertions="6" errors="0" warnings="0" failures="0" skipped="0" time="0.008588">
        <testcase name="testAddStubbedDices" class="App\Dice\DiceHandTest" classname="App.Dice.DiceHandTest" file="/home/parv/dbwebb-kurser/mvc/me/report/tests/Dice/DiceHandTest.php" line="15" assertions="1" time="0.007494"/>
        <testcase name="testGetNumberOfDices" class="App\Dice\DiceHandTest" classname="App.Dice.DiceHandTest" file="/home/parv/dbwebb-kurser/mvc/me/report/tests/Dice/DiceHandTest.php" line="40" assertions="1" time="0.000192"/>
        <testcase name="testRollDices" class="App\Dice\DiceHandTest" classname="App.Dice.DiceHandTest" file="/home/parv/dbwebb-kurser/mvc/me/report/tests/Dice/DiceHandTest.php" line="53" assertions="3" time="0.000586"/>
        <testcase name="testGetStringValues" class="App\Dice\DiceHandTest" classname="App.Dice.DiceHandTest" file="/home/parv/dbwebb-kurser/mvc/me/report/tests/Dice/DiceHandTest.php" line="70" assertions="1" time="0.000316"/>
      </testsuite>
      <testsuite name="App\Dice\DiceTest" file="/home/parv/dbwebb-kurser/mvc/me/report/tests/Dice/DiceTest.php" tests="2" assertions="3" errors="0" warnings="0" failures="0" skipped="0" time="0.000380">
        <testcase name="testCreateDice" class="App\Dice\DiceTest" classname="App.Dice.DiceTest" file="/home/parv/dbwebb-kurser/mvc/me/report/tests/Dice/DiceTest.php" line="16" assertions="2" time="0.000199"/>
        <testcase name="testGetAsString" class="App\Dice\DiceTest" classname="App.Dice.DiceTest" file="/home/parv/dbwebb-kurser/mvc/me/report/tests/Dice/DiceTest.php" line="29" assertions="1" time="0.000181"/>
      </testsuite>
      <testsuite name="App\TwentyOne\PlayerTest" file="/home/parv/dbwebb-kurser/mvc/me/report/tests/TwentyOne/PlayerTest.php" tests="4" assertions="9" errors="0" warnings="0" failures="0" skipped="0" time="0.001080">
        <testcase name="testCreatePlayer" class="App\TwentyOne\PlayerTest" classname="App.TwentyOne.PlayerTest" file="/home/parv/dbwebb-kurser/mvc/me/report/tests/TwentyOne/PlayerTest.php" line="18" assertions="1" time="0.000446"/>
        <testcase name="testGetValuesOfPlayerHand" class="App\TwentyOne\PlayerTest" classname="App.TwentyOne.PlayerTest" file="/home/parv/dbwebb-kurser/mvc/me/report/tests/TwentyOne/PlayerTest.php" line="30" assertions="3" time="0.000223"/>
        <testcase name="testIfPlayerHoldsAce" class="App\TwentyOne\PlayerTest" classname="App.TwentyOne.PlayerTest" file="/home/parv/dbwebb-kurser/mvc/me/report/tests/TwentyOne/PlayerTest.php" line="49" assertions="2" time="0.000198"/>
        <testcase name="testGetPlayerHandAsString" class="App\TwentyOne\PlayerTest" classname="App.TwentyOne.PlayerTest" file="/home/parv/dbwebb-kurser/mvc/me/report/tests/TwentyOne/PlayerTest.php" line="66" assertions="3" time="0.000213"/>
      </testsuite>
      <testsuite name="App\TwentyOne\TwentyOneTest" file="/home/parv/dbwebb-kurser/mvc/me/report/tests/TwentyOne/TwentyOneTest.php" tests="15" assertions="44" errors="0" warnings="0" failures="0" skipped="0" time="0.006135">
        <testcase name="testCreate" class="App\TwentyOne\TwentyOneTest" classname="App.TwentyOne.TwentyOneTest" file="/home/parv/dbwebb-kurser/mvc/me/report/tests/TwentyOne/TwentyOneTest.php" line="15" assertions="1" time="0.001030"/>
        <testcase name="testSetHandValues" class="App\TwentyOne\TwentyOneTest" classname="App.TwentyOne.TwentyOneTest" file="/home/parv/dbwebb-kurser/mvc/me/report/tests/TwentyOne/TwentyOneTest.php" line="28" assertions="5" time="0.000364"/>
        <testcase name="testGetSpecificHandValue" class="App\TwentyOne\TwentyOneTest" classname="App.TwentyOne.TwentyOneTest" file="/home/parv/dbwebb-kurser/mvc/me/report/tests/TwentyOne/TwentyOneTest.php" line="55" assertions="2" time="0.000340"/>
        <testcase name="testGetPlayerAndDealerObjects" class="App\TwentyOne\TwentyOneTest" classname="App.TwentyOne.TwentyOneTest" file="/home/parv/dbwebb-kurser/mvc/me/report/tests/TwentyOne/TwentyOneTest.php" line="77" assertions="2" time="0.000316"/>
        <testcase name="testCompareHands" class="App\TwentyOne\TwentyOneTest" classname="App.TwentyOne.TwentyOneTest" file="/home/parv/dbwebb-kurser/mvc/me/report/tests/TwentyOne/TwentyOneTest.php" line="93" assertions="3" time="0.000366"/>
        <testcase name="testSetWinner" class="App\TwentyOne\TwentyOneTest" classname="App.TwentyOne.TwentyOneTest" file="/home/parv/dbwebb-kurser/mvc/me/report/tests/TwentyOne/TwentyOneTest.php" line="127" assertions="2" time="0.000311"/>
        <testcase name="testDrawCard" class="App\TwentyOne\TwentyOneTest" classname="App.TwentyOne.TwentyOneTest" file="/home/parv/dbwebb-kurser/mvc/me/report/tests/TwentyOne/TwentyOneTest.php" line="145" assertions="4" time="0.000365"/>
        <testcase name="testStand" class="App\TwentyOne\TwentyOneTest" classname="App.TwentyOne.TwentyOneTest" file="/home/parv/dbwebb-kurser/mvc/me/report/tests/TwentyOne/TwentyOneTest.php" line="174" assertions="5" time="0.000369"/>
        <testcase name="testCheckPlayer" class="App\TwentyOne\TwentyOneTest" classname="App.TwentyOne.TwentyOneTest" file="/home/parv/dbwebb-kurser/mvc/me/report/tests/TwentyOne/TwentyOneTest.php" line="201" assertions="2" time="0.000351"/>
        <testcase name="testCheckDealer" class="App\TwentyOne\TwentyOneTest" classname="App.TwentyOne.TwentyOneTest" file="/home/parv/dbwebb-kurser/mvc/me/report/tests/TwentyOne/TwentyOneTest.php" line="226" assertions="2" time="0.000347"/>
        <testcase name="testCheckGameEnd" class="App\TwentyOne\TwentyOneTest" classname="App.TwentyOne.TwentyOneTest" file="/home/parv/dbwebb-kurser/mvc/me/report/tests/TwentyOne/TwentyOneTest.php" line="251" assertions="2" time="0.000358"/>
        <testcase name="testOpponentSimmulation" class="App\TwentyOne\TwentyOneTest" classname="App.TwentyOne.TwentyOneTest" file="/home/parv/dbwebb-kurser/mvc/me/report/tests/TwentyOne/TwentyOneTest.php" line="276" assertions="3" time="0.000413"/>
        <testcase name="testPlayRound" class="App\TwentyOne\TwentyOneTest" classname="App.TwentyOne.TwentyOneTest" file="/home/parv/dbwebb-kurser/mvc/me/report/tests/TwentyOne/TwentyOneTest.php" line="300" assertions="4" time="0.000449"/>
        <testcase name="testGetBestPlayerVal" class="App\TwentyOne\TwentyOneTest" classname="App.TwentyOne.TwentyOneTest" file="/home/parv/dbwebb-kurser/mvc/me/report/tests/TwentyOne/TwentyOneTest.php" line="326" assertions="3" time="0.000369"/>
        <testcase name="testGetBestDealerVal" class="App\TwentyOne\TwentyOneTest" classname="App.TwentyOne.TwentyOneTest" file="/home/parv/dbwebb-kurser/mvc/me/report/tests/TwentyOne/TwentyOneTest.php" line="357" assertions="4" time="0.000388"/>
      </testsuite>
    </testsuite>
  </testsuite>
</testsuites>
