<?xml version="1.0" encoding="UTF-8"?>
<testsuites>
  <testsuite name="" tests="40" assertions="91" errors="0" warnings="0" failures="0" skipped="0" time="0.088394">
    <testsuite name="Project Test Suite" tests="40" assertions="91" errors="0" warnings="0" failures="0" skipped="0" time="0.088394">
      <testsuite name="App\Card\CardGraphicTest" file="/home/parv/dbwebb-kurser/mvc/me/report/tests/Card/CardGraphicTest.php" tests="2" assertions="2" errors="0" warnings="0" failures="0" skipped="0" time="0.004349">
        <testcase name="testCreateCard" class="App\Card\CardGraphicTest" classname="App.Card.CardGraphicTest" file="/home/parv/dbwebb-kurser/mvc/me/report/tests/Card/CardGraphicTest.php" line="16" assertions="1" time="0.003905"/>
        <testcase name="testGetAsString" class="App\Card\CardGraphicTest" classname="App.Card.CardGraphicTest" file="/home/parv/dbwebb-kurser/mvc/me/report/tests/Card/CardGraphicTest.php" line="25" assertions="1" time="0.000444"/>
      </testsuite>
      <testsuite name="App\Card\CardHandTest" file="/home/parv/dbwebb-kurser/mvc/me/report/tests/Card/CardHandTest.php" tests="5" assertions="7" errors="0" warnings="0" failures="0" skipped="0" time="0.001438">
        <testcase name="testCreateHand" class="App\Card\CardHandTest" classname="App.Card.CardHandTest" file="/home/parv/dbwebb-kurser/mvc/me/report/tests/Card/CardHandTest.php" line="16" assertions="1" time="0.000431"/>
        <testcase name="testAddCardToHand" class="App\Card\CardHandTest" classname="App.Card.CardHandTest" file="/home/parv/dbwebb-kurser/mvc/me/report/tests/Card/CardHandTest.php" line="25" assertions="2" time="0.000443"/>
        <testcase name="testGetNumberOfCards" class="App\Card\CardHandTest" classname="App.Card.CardHandTest" file="/home/parv/dbwebb-kurser/mvc/me/report/tests/Card/CardHandTest.php" line="40" assertions="1" time="0.000185"/>
        <testcase name="testGetCardValues" class="App\Card\CardHandTest" classname="App.Card.CardHandTest" file="/home/parv/dbwebb-kurser/mvc/me/report/tests/Card/CardHandTest.php" line="55" assertions="1" time="0.000186"/>
        <testcase name="testGetHandAsString" class="App\Card\CardHandTest" classname="App.Card.CardHandTest" file="/home/parv/dbwebb-kurser/mvc/me/report/tests/Card/CardHandTest.php" line="71" assertions="2" time="0.000193"/>
      </testsuite>
      <testsuite name="App\Card\CardTest" file="/home/parv/dbwebb-kurser/mvc/me/report/tests/Card/CardTest.php" tests="4" assertions="6" errors="0" warnings="0" failures="0" skipped="0" time="0.000695">
        <testcase name="testCreateCard" class="App\Card\CardTest" classname="App.Card.CardTest" file="/home/parv/dbwebb-kurser/mvc/me/report/tests/Card/CardTest.php" line="16" assertions="1" time="0.000181"/>
        <testcase name="testGetCardValue" class="App\Card\CardTest" classname="App.Card.CardTest" file="/home/parv/dbwebb-kurser/mvc/me/report/tests/Card/CardTest.php" line="25" assertions="2" time="0.000173"/>
        <testcase name="testGetCardSuit" class="App\Card\CardTest" classname="App.Card.CardTest" file="/home/parv/dbwebb-kurser/mvc/me/report/tests/Card/CardTest.php" line="40" assertions="2" time="0.000172"/>
        <testcase name="testGetAsString" class="App\Card\CardTest" classname="App.Card.CardTest" file="/home/parv/dbwebb-kurser/mvc/me/report/tests/Card/CardTest.php" line="55" assertions="1" time="0.000168"/>
      </testsuite>
      <testsuite name="App\Card\DeckOfCardsTest" file="/home/parv/dbwebb-kurser/mvc/me/report/tests/Card/DeckOfCardsTest.php" tests="9" assertions="26" errors="0" warnings="0" failures="0" skipped="0" time="0.066594">
        <testcase name="testCreateDeck" class="App\Card\DeckOfCardsTest" classname="App.Card.DeckOfCardsTest" file="/home/parv/dbwebb-kurser/mvc/me/report/tests/Card/DeckOfCardsTest.php" line="15" assertions="2" time="0.000859"/>
        <testcase name="testGetDeck" class="App\Card\DeckOfCardsTest" classname="App.Card.DeckOfCardsTest" file="/home/parv/dbwebb-kurser/mvc/me/report/tests/Card/DeckOfCardsTest.php" line="26" assertions="3" time="0.000312"/>
        <testcase name="testGetSuitAndValue" class="App\Card\DeckOfCardsTest" classname="App.Card.DeckOfCardsTest" file="/home/parv/dbwebb-kurser/mvc/me/report/tests/Card/DeckOfCardsTest.php" line="40" assertions="3" time="0.000383"/>
        <testcase name="testGetNumberOfCardsInDeck" class="App\Card\DeckOfCardsTest" classname="App.Card.DeckOfCardsTest" file="/home/parv/dbwebb-kurser/mvc/me/report/tests/Card/DeckOfCardsTest.php" line="54" assertions="2" time="0.000315"/>
        <testcase name="testGetCardValuesAsArray" class="App\Card\DeckOfCardsTest" classname="App.Card.DeckOfCardsTest" file="/home/parv/dbwebb-kurser/mvc/me/report/tests/Card/DeckOfCardsTest.php" line="68" assertions="3" time="0.000342"/>
        <testcase name="testGetCardsInDeckAsArrayOfStrings" class="App\Card\DeckOfCardsTest" classname="App.Card.DeckOfCardsTest" file="/home/parv/dbwebb-kurser/mvc/me/report/tests/Card/DeckOfCardsTest.php" line="81" assertions="3" time="0.000344"/>
        <testcase name="testGetSortedCardsInDeckAsArrayOfStrings" class="App\Card\DeckOfCardsTest" classname="App.Card.DeckOfCardsTest" file="/home/parv/dbwebb-kurser/mvc/me/report/tests/Card/DeckOfCardsTest.php" line="94" assertions="4" time="0.000949"/>
        <testcase name="testShuffleOfDeck" class="App\Card\DeckOfCardsTest" classname="App.Card.DeckOfCardsTest" file="/home/parv/dbwebb-kurser/mvc/me/report/tests/Card/DeckOfCardsTest.php" line="108" assertions="1" time="0.062752"/>
        <testcase name="testDrawingCardFromDeck" class="App\Card\DeckOfCardsTest" classname="App.Card.DeckOfCardsTest" file="/home/parv/dbwebb-kurser/mvc/me/report/tests/Card/DeckOfCardsTest.php" line="121" assertions="5" time="0.000339"/>
      </testsuite>
      <testsuite name="App\Dice\DiceHandTest" file="/home/parv/dbwebb-kurser/mvc/me/report/tests/Dice/DiceHandTest.php" tests="1" assertions="1" errors="0" warnings="0" failures="0" skipped="0" time="0.008014">
        <testcase name="testAddStubbedDices" class="App\Dice\DiceHandTest" classname="App.Dice.DiceHandTest" file="/home/parv/dbwebb-kurser/mvc/me/report/tests/Dice/DiceHandTest.php" line="15" assertions="1" time="0.008014"/>
      </testsuite>
      <testsuite name="App\Dice\DiceTest" file="/home/parv/dbwebb-kurser/mvc/me/report/tests/Dice/DiceTest.php" tests="2" assertions="3" errors="0" warnings="0" failures="0" skipped="0" time="0.000583">
        <testcase name="testCreateDice" class="App\Dice\DiceTest" classname="App.Dice.DiceTest" file="/home/parv/dbwebb-kurser/mvc/me/report/tests/Dice/DiceTest.php" line="16" assertions="2" time="0.000402"/>
        <testcase name="testGetAsString" class="App\Dice\DiceTest" classname="App.Dice.DiceTest" file="/home/parv/dbwebb-kurser/mvc/me/report/tests/Dice/DiceTest.php" line="29" assertions="1" time="0.000182"/>
      </testsuite>
      <testsuite name="App\TwentyOne\PlayerTest" file="/home/parv/dbwebb-kurser/mvc/me/report/tests/TwentyOne/PlayerTest.php" tests="4" assertions="9" errors="0" warnings="0" failures="0" skipped="0" time="0.001094">
        <testcase name="testCreatePlayer" class="App\TwentyOne\PlayerTest" classname="App.TwentyOne.PlayerTest" file="/home/parv/dbwebb-kurser/mvc/me/report/tests/TwentyOne/PlayerTest.php" line="18" assertions="1" time="0.000453"/>
        <testcase name="testGetValuesOfPlayerHand" class="App\TwentyOne\PlayerTest" classname="App.TwentyOne.PlayerTest" file="/home/parv/dbwebb-kurser/mvc/me/report/tests/TwentyOne/PlayerTest.php" line="30" assertions="3" time="0.000220"/>
        <testcase name="testIfPlayerHoldsAce" class="App\TwentyOne\PlayerTest" classname="App.TwentyOne.PlayerTest" file="/home/parv/dbwebb-kurser/mvc/me/report/tests/TwentyOne/PlayerTest.php" line="49" assertions="2" time="0.000207"/>
        <testcase name="testGetPlayerHandAsString" class="App\TwentyOne\PlayerTest" classname="App.TwentyOne.PlayerTest" file="/home/parv/dbwebb-kurser/mvc/me/report/tests/TwentyOne/PlayerTest.php" line="66" assertions="3" time="0.000213"/>
      </testsuite>
      <testsuite name="App\TwentyOne\TwentyOneTest" file="/home/parv/dbwebb-kurser/mvc/me/report/tests/TwentyOne/TwentyOneTest.php" tests="13" assertions="37" errors="0" warnings="0" failures="0" skipped="0" time="0.005627">
        <testcase name="testCreate" class="App\TwentyOne\TwentyOneTest" classname="App.TwentyOne.TwentyOneTest" file="/home/parv/dbwebb-kurser/mvc/me/report/tests/TwentyOne/TwentyOneTest.php" line="15" assertions="1" time="0.000944"/>
        <testcase name="testSetHandValues" class="App\TwentyOne\TwentyOneTest" classname="App.TwentyOne.TwentyOneTest" file="/home/parv/dbwebb-kurser/mvc/me/report/tests/TwentyOne/TwentyOneTest.php" line="28" assertions="5" time="0.000365"/>
        <testcase name="testGetSpecificHandValue" class="App\TwentyOne\TwentyOneTest" classname="App.TwentyOne.TwentyOneTest" file="/home/parv/dbwebb-kurser/mvc/me/report/tests/TwentyOne/TwentyOneTest.php" line="55" assertions="2" time="0.000352"/>
        <testcase name="testGetPlayerAndDealerObjects" class="App\TwentyOne\TwentyOneTest" classname="App.TwentyOne.TwentyOneTest" file="/home/parv/dbwebb-kurser/mvc/me/report/tests/TwentyOne/TwentyOneTest.php" line="77" assertions="2" time="0.000316"/>
        <testcase name="testCompareHands" class="App\TwentyOne\TwentyOneTest" classname="App.TwentyOne.TwentyOneTest" file="/home/parv/dbwebb-kurser/mvc/me/report/tests/TwentyOne/TwentyOneTest.php" line="93" assertions="3" time="0.000376"/>
        <testcase name="testSetWinner" class="App\TwentyOne\TwentyOneTest" classname="App.TwentyOne.TwentyOneTest" file="/home/parv/dbwebb-kurser/mvc/me/report/tests/TwentyOne/TwentyOneTest.php" line="127" assertions="2" time="0.000324"/>
        <testcase name="testDrawCard" class="App\TwentyOne\TwentyOneTest" classname="App.TwentyOne.TwentyOneTest" file="/home/parv/dbwebb-kurser/mvc/me/report/tests/TwentyOne/TwentyOneTest.php" line="145" assertions="4" time="0.000616"/>
        <testcase name="testStand" class="App\TwentyOne\TwentyOneTest" classname="App.TwentyOne.TwentyOneTest" file="/home/parv/dbwebb-kurser/mvc/me/report/tests/TwentyOne/TwentyOneTest.php" line="174" assertions="5" time="0.000381"/>
        <testcase name="testCheckPlayer" class="App\TwentyOne\TwentyOneTest" classname="App.TwentyOne.TwentyOneTest" file="/home/parv/dbwebb-kurser/mvc/me/report/tests/TwentyOne/TwentyOneTest.php" line="201" assertions="2" time="0.000365"/>
        <testcase name="testCheckDealer" class="App\TwentyOne\TwentyOneTest" classname="App.TwentyOne.TwentyOneTest" file="/home/parv/dbwebb-kurser/mvc/me/report/tests/TwentyOne/TwentyOneTest.php" line="226" assertions="2" time="0.000361"/>
        <testcase name="testCheckGameEnd" class="App\TwentyOne\TwentyOneTest" classname="App.TwentyOne.TwentyOneTest" file="/home/parv/dbwebb-kurser/mvc/me/report/tests/TwentyOne/TwentyOneTest.php" line="251" assertions="2" time="0.000362"/>
        <testcase name="testOpponentSimmulation" class="App\TwentyOne\TwentyOneTest" classname="App.TwentyOne.TwentyOneTest" file="/home/parv/dbwebb-kurser/mvc/me/report/tests/TwentyOne/TwentyOneTest.php" line="276" assertions="3" time="0.000429"/>
        <testcase name="testPlayRound" class="App\TwentyOne\TwentyOneTest" classname="App.TwentyOne.TwentyOneTest" file="/home/parv/dbwebb-kurser/mvc/me/report/tests/TwentyOne/TwentyOneTest.php" line="300" assertions="4" time="0.000435"/>
      </testsuite>
    </testsuite>
  </testsuite>
</testsuites>
