<?xml version="1.0" encoding="UTF-8"?>
<testsuites>
  <testsuite name="" tests="49" assertions="113" errors="0" warnings="0" failures="0" skipped="0" time="0.092733">
    <testsuite name="Project Test Suite" tests="49" assertions="113" errors="0" warnings="0" failures="0" skipped="0" time="0.092733">
      <testsuite name="App\Card\CardGraphicTest" file="/home/parv/dbwebb-kurser/mvc/me/report/tests/Card/CardGraphicTest.php" tests="2" assertions="2" errors="0" warnings="0" failures="0" skipped="0" time="0.004318">
        <testcase name="testCreateCard" class="App\Card\CardGraphicTest" classname="App.Card.CardGraphicTest" file="/home/parv/dbwebb-kurser/mvc/me/report/tests/Card/CardGraphicTest.php" line="16" assertions="1" time="0.003878"/>
        <testcase name="testGetAsString" class="App\Card\CardGraphicTest" classname="App.Card.CardGraphicTest" file="/home/parv/dbwebb-kurser/mvc/me/report/tests/Card/CardGraphicTest.php" line="25" assertions="1" time="0.000440"/>
      </testsuite>
      <testsuite name="App\Card\CardHandTest" file="/home/parv/dbwebb-kurser/mvc/me/report/tests/Card/CardHandTest.php" tests="5" assertions="7" errors="0" warnings="0" failures="0" skipped="0" time="0.001416">
        <testcase name="testCreateHand" class="App\Card\CardHandTest" classname="App.Card.CardHandTest" file="/home/parv/dbwebb-kurser/mvc/me/report/tests/Card/CardHandTest.php" line="16" assertions="1" time="0.000421"/>
        <testcase name="testAddCardToHand" class="App\Card\CardHandTest" classname="App.Card.CardHandTest" file="/home/parv/dbwebb-kurser/mvc/me/report/tests/Card/CardHandTest.php" line="25" assertions="2" time="0.000428"/>
        <testcase name="testGetNumberOfCards" class="App\Card\CardHandTest" classname="App.Card.CardHandTest" file="/home/parv/dbwebb-kurser/mvc/me/report/tests/Card/CardHandTest.php" line="40" assertions="1" time="0.000191"/>
        <testcase name="testGetCardValues" class="App\Card\CardHandTest" classname="App.Card.CardHandTest" file="/home/parv/dbwebb-kurser/mvc/me/report/tests/Card/CardHandTest.php" line="55" assertions="1" time="0.000184"/>
        <testcase name="testGetHandAsString" class="App\Card\CardHandTest" classname="App.Card.CardHandTest" file="/home/parv/dbwebb-kurser/mvc/me/report/tests/Card/CardHandTest.php" line="71" assertions="2" time="0.000192"/>
      </testsuite>
      <testsuite name="App\Card\CardTest" file="/home/parv/dbwebb-kurser/mvc/me/report/tests/Card/CardTest.php" tests="4" assertions="6" errors="0" warnings="0" failures="0" skipped="0" time="0.000703">
        <testcase name="testCreateCard" class="App\Card\CardTest" classname="App.Card.CardTest" file="/home/parv/dbwebb-kurser/mvc/me/report/tests/Card/CardTest.php" line="16" assertions="1" time="0.000174"/>
        <testcase name="testGetCardValue" class="App\Card\CardTest" classname="App.Card.CardTest" file="/home/parv/dbwebb-kurser/mvc/me/report/tests/Card/CardTest.php" line="25" assertions="2" time="0.000185"/>
        <testcase name="testGetCardSuit" class="App\Card\CardTest" classname="App.Card.CardTest" file="/home/parv/dbwebb-kurser/mvc/me/report/tests/Card/CardTest.php" line="40" assertions="2" time="0.000174"/>
        <testcase name="testGetAsString" class="App\Card\CardTest" classname="App.Card.CardTest" file="/home/parv/dbwebb-kurser/mvc/me/report/tests/Card/CardTest.php" line="55" assertions="1" time="0.000170"/>
      </testsuite>
      <testsuite name="App\Card\DeckOfCardsTest" file="/home/parv/dbwebb-kurser/mvc/me/report/tests/Card/DeckOfCardsTest.php" tests="11" assertions="34" errors="0" warnings="0" failures="0" skipped="0" time="0.069079">
        <testcase name="testCreateDeck" class="App\Card\DeckOfCardsTest" classname="App.Card.DeckOfCardsTest" file="/home/parv/dbwebb-kurser/mvc/me/report/tests/Card/DeckOfCardsTest.php" line="15" assertions="2" time="0.000957"/>
        <testcase name="testGetDeck" class="App\Card\DeckOfCardsTest" classname="App.Card.DeckOfCardsTest" file="/home/parv/dbwebb-kurser/mvc/me/report/tests/Card/DeckOfCardsTest.php" line="26" assertions="3" time="0.000313"/>
        <testcase name="testAdd" class="App\Card\DeckOfCardsTest" classname="App.Card.DeckOfCardsTest" file="/home/parv/dbwebb-kurser/mvc/me/report/tests/Card/DeckOfCardsTest.php" line="40" assertions="3" time="0.000467"/>
        <testcase name="testGetSuitAndValue" class="App\Card\DeckOfCardsTest" classname="App.Card.DeckOfCardsTest" file="/home/parv/dbwebb-kurser/mvc/me/report/tests/Card/DeckOfCardsTest.php" line="58" assertions="3" time="0.000509"/>
        <testcase name="testGetNumberOfCardsInDeck" class="App\Card\DeckOfCardsTest" classname="App.Card.DeckOfCardsTest" file="/home/parv/dbwebb-kurser/mvc/me/report/tests/Card/DeckOfCardsTest.php" line="72" assertions="2" time="0.000405"/>
        <testcase name="testGetCardValuesAsArray" class="App\Card\DeckOfCardsTest" classname="App.Card.DeckOfCardsTest" file="/home/parv/dbwebb-kurser/mvc/me/report/tests/Card/DeckOfCardsTest.php" line="86" assertions="3" time="0.000341"/>
        <testcase name="testGetCardsInDeckAsArrayOfStrings" class="App\Card\DeckOfCardsTest" classname="App.Card.DeckOfCardsTest" file="/home/parv/dbwebb-kurser/mvc/me/report/tests/Card/DeckOfCardsTest.php" line="99" assertions="3" time="0.000359"/>
        <testcase name="testGetSortedCardsInDeckAsArrayOfStrings" class="App\Card\DeckOfCardsTest" classname="App.Card.DeckOfCardsTest" file="/home/parv/dbwebb-kurser/mvc/me/report/tests/Card/DeckOfCardsTest.php" line="112" assertions="4" time="0.000966"/>
        <testcase name="testShuffleOfDeck" class="App\Card\DeckOfCardsTest" classname="App.Card.DeckOfCardsTest" file="/home/parv/dbwebb-kurser/mvc/me/report/tests/Card/DeckOfCardsTest.php" line="126" assertions="1" time="0.063990"/>
        <testcase name="testgetSortedBySuit" class="App\Card\DeckOfCardsTest" classname="App.Card.DeckOfCardsTest" file="/home/parv/dbwebb-kurser/mvc/me/report/tests/Card/DeckOfCardsTest.php" line="139" assertions="5" time="0.000439"/>
        <testcase name="testDrawingCardFromDeck" class="App\Card\DeckOfCardsTest" classname="App.Card.DeckOfCardsTest" file="/home/parv/dbwebb-kurser/mvc/me/report/tests/Card/DeckOfCardsTest.php" line="164" assertions="5" time="0.000333"/>
      </testsuite>
      <testsuite name="App\Dice\DiceGraphicTest" file="/home/parv/dbwebb-kurser/mvc/me/report/tests/Dice/DiceGraphicTest.php" tests="2" assertions="3" errors="0" warnings="0" failures="0" skipped="0" time="0.000756">
        <testcase name="testCreateDice" class="App\Dice\DiceGraphicTest" classname="App.Dice.DiceGraphicTest" file="/home/parv/dbwebb-kurser/mvc/me/report/tests/Dice/DiceGraphicTest.php" line="16" assertions="2" time="0.000568"/>
        <testcase name="testGetAsString" class="App\Dice\DiceGraphicTest" classname="App.Dice.DiceGraphicTest" file="/home/parv/dbwebb-kurser/mvc/me/report/tests/Dice/DiceGraphicTest.php" line="29" assertions="1" time="0.000187"/>
      </testsuite>
      <testsuite name="App\Dice\DiceHandTest" file="/home/parv/dbwebb-kurser/mvc/me/report/tests/Dice/DiceHandTest.php" tests="4" assertions="5" errors="0" warnings="0" failures="0" skipped="0" time="0.008873">
        <testcase name="testAddStubbedDices" class="App\Dice\DiceHandTest" classname="App.Dice.DiceHandTest" file="/home/parv/dbwebb-kurser/mvc/me/report/tests/Dice/DiceHandTest.php" line="15" assertions="1" time="0.007416"/>
        <testcase name="testGetNumberOfDices" class="App\Dice\DiceHandTest" classname="App.Dice.DiceHandTest" file="/home/parv/dbwebb-kurser/mvc/me/report/tests/Dice/DiceHandTest.php" line="40" assertions="1" time="0.000197"/>
        <testcase name="testRollDices" class="App\Dice\DiceHandTest" classname="App.Dice.DiceHandTest" file="/home/parv/dbwebb-kurser/mvc/me/report/tests/Dice/DiceHandTest.php" line="53" assertions="2" time="0.000956"/>
        <testcase name="testGetStringValues" class="App\Dice\DiceHandTest" classname="App.Dice.DiceHandTest" file="/home/parv/dbwebb-kurser/mvc/me/report/tests/Dice/DiceHandTest.php" line="69" assertions="1" time="0.000304"/>
      </testsuite>
      <testsuite name="App\Dice\DiceTest" file="/home/parv/dbwebb-kurser/mvc/me/report/tests/Dice/DiceTest.php" tests="2" assertions="3" errors="0" warnings="0" failures="0" skipped="0" time="0.000370">
        <testcase name="testCreateDice" class="App\Dice\DiceTest" classname="App.Dice.DiceTest" file="/home/parv/dbwebb-kurser/mvc/me/report/tests/Dice/DiceTest.php" line="16" assertions="2" time="0.000194"/>
        <testcase name="testGetAsString" class="App\Dice\DiceTest" classname="App.Dice.DiceTest" file="/home/parv/dbwebb-kurser/mvc/me/report/tests/Dice/DiceTest.php" line="29" assertions="1" time="0.000176"/>
      </testsuite>
      <testsuite name="App\TwentyOne\PlayerTest" file="/home/parv/dbwebb-kurser/mvc/me/report/tests/TwentyOne/PlayerTest.php" tests="4" assertions="9" errors="0" warnings="0" failures="0" skipped="0" time="0.001097">
        <testcase name="testCreatePlayer" class="App\TwentyOne\PlayerTest" classname="App.TwentyOne.PlayerTest" file="/home/parv/dbwebb-kurser/mvc/me/report/tests/TwentyOne/PlayerTest.php" line="18" assertions="1" time="0.000451"/>
        <testcase name="testGetValuesOfPlayerHand" class="App\TwentyOne\PlayerTest" classname="App.TwentyOne.PlayerTest" file="/home/parv/dbwebb-kurser/mvc/me/report/tests/TwentyOne/PlayerTest.php" line="30" assertions="3" time="0.000220"/>
        <testcase name="testIfPlayerHoldsAce" class="App\TwentyOne\PlayerTest" classname="App.TwentyOne.PlayerTest" file="/home/parv/dbwebb-kurser/mvc/me/report/tests/TwentyOne/PlayerTest.php" line="49" assertions="2" time="0.000197"/>
        <testcase name="testGetPlayerHandAsString" class="App\TwentyOne\PlayerTest" classname="App.TwentyOne.PlayerTest" file="/home/parv/dbwebb-kurser/mvc/me/report/tests/TwentyOne/PlayerTest.php" line="66" assertions="3" time="0.000228"/>
      </testsuite>
      <testsuite name="App\TwentyOne\TwentyOneTest" file="/home/parv/dbwebb-kurser/mvc/me/report/tests/TwentyOne/TwentyOneTest.php" tests="15" assertions="44" errors="0" warnings="0" failures="0" skipped="0" time="0.006120">
        <testcase name="testCreate" class="App\TwentyOne\TwentyOneTest" classname="App.TwentyOne.TwentyOneTest" file="/home/parv/dbwebb-kurser/mvc/me/report/tests/TwentyOne/TwentyOneTest.php" line="15" assertions="1" time="0.001005"/>
        <testcase name="testSetHandValues" class="App\TwentyOne\TwentyOneTest" classname="App.TwentyOne.TwentyOneTest" file="/home/parv/dbwebb-kurser/mvc/me/report/tests/TwentyOne/TwentyOneTest.php" line="28" assertions="5" time="0.000367"/>
        <testcase name="testGetSpecificHandValue" class="App\TwentyOne\TwentyOneTest" classname="App.TwentyOne.TwentyOneTest" file="/home/parv/dbwebb-kurser/mvc/me/report/tests/TwentyOne/TwentyOneTest.php" line="55" assertions="2" time="0.000341"/>
        <testcase name="testGetPlayerAndDealerObjects" class="App\TwentyOne\TwentyOneTest" classname="App.TwentyOne.TwentyOneTest" file="/home/parv/dbwebb-kurser/mvc/me/report/tests/TwentyOne/TwentyOneTest.php" line="77" assertions="2" time="0.000314"/>
        <testcase name="testCompareHands" class="App\TwentyOne\TwentyOneTest" classname="App.TwentyOne.TwentyOneTest" file="/home/parv/dbwebb-kurser/mvc/me/report/tests/TwentyOne/TwentyOneTest.php" line="93" assertions="3" time="0.000369"/>
        <testcase name="testSetWinner" class="App\TwentyOne\TwentyOneTest" classname="App.TwentyOne.TwentyOneTest" file="/home/parv/dbwebb-kurser/mvc/me/report/tests/TwentyOne/TwentyOneTest.php" line="127" assertions="2" time="0.000319"/>
        <testcase name="testDrawCard" class="App\TwentyOne\TwentyOneTest" classname="App.TwentyOne.TwentyOneTest" file="/home/parv/dbwebb-kurser/mvc/me/report/tests/TwentyOne/TwentyOneTest.php" line="145" assertions="4" time="0.000376"/>
        <testcase name="testStand" class="App\TwentyOne\TwentyOneTest" classname="App.TwentyOne.TwentyOneTest" file="/home/parv/dbwebb-kurser/mvc/me/report/tests/TwentyOne/TwentyOneTest.php" line="174" assertions="5" time="0.000381"/>
        <testcase name="testCheckPlayer" class="App\TwentyOne\TwentyOneTest" classname="App.TwentyOne.TwentyOneTest" file="/home/parv/dbwebb-kurser/mvc/me/report/tests/TwentyOne/TwentyOneTest.php" line="201" assertions="2" time="0.000356"/>
        <testcase name="testCheckDealer" class="App\TwentyOne\TwentyOneTest" classname="App.TwentyOne.TwentyOneTest" file="/home/parv/dbwebb-kurser/mvc/me/report/tests/TwentyOne/TwentyOneTest.php" line="226" assertions="2" time="0.000353"/>
        <testcase name="testCheckGameEnd" class="App\TwentyOne\TwentyOneTest" classname="App.TwentyOne.TwentyOneTest" file="/home/parv/dbwebb-kurser/mvc/me/report/tests/TwentyOne/TwentyOneTest.php" line="251" assertions="2" time="0.000349"/>
        <testcase name="testOpponentSimmulation" class="App\TwentyOne\TwentyOneTest" classname="App.TwentyOne.TwentyOneTest" file="/home/parv/dbwebb-kurser/mvc/me/report/tests/TwentyOne/TwentyOneTest.php" line="276" assertions="3" time="0.000414"/>
        <testcase name="testPlayRound" class="App\TwentyOne\TwentyOneTest" classname="App.TwentyOne.TwentyOneTest" file="/home/parv/dbwebb-kurser/mvc/me/report/tests/TwentyOne/TwentyOneTest.php" line="300" assertions="4" time="0.000424"/>
        <testcase name="testGetBestPlayerVal" class="App\TwentyOne\TwentyOneTest" classname="App.TwentyOne.TwentyOneTest" file="/home/parv/dbwebb-kurser/mvc/me/report/tests/TwentyOne/TwentyOneTest.php" line="326" assertions="3" time="0.000374"/>
        <testcase name="testGetBestDealerVal" class="App\TwentyOne\TwentyOneTest" classname="App.TwentyOne.TwentyOneTest" file="/home/parv/dbwebb-kurser/mvc/me/report/tests/TwentyOne/TwentyOneTest.php" line="357" assertions="4" time="0.000378"/>
      </testsuite>
    </testsuite>
  </testsuite>
</testsuites>
