<?xml version="1.0" encoding="UTF-8"?>
<testsuites>
  <testsuite name="" tests="72" assertions="162" errors="0" warnings="0" failures="0" skipped="0" time="0.100110">
    <testsuite name="Project Test Suite" tests="72" assertions="162" errors="0" warnings="0" failures="0" skipped="0" time="0.100110">
      <testsuite name="App\Adventure\AdventureGameTest" file="/home/parv/dbwebb-kurser/mvc/me/report/tests/Adventure/AdventureGameTest.php" tests="8" assertions="24" errors="0" warnings="0" failures="0" skipped="0" time="0.009205">
        <testcase name="testCreate" class="App\Adventure\AdventureGameTest" classname="App.Adventure.AdventureGameTest" file="/home/parv/dbwebb-kurser/mvc/me/report/tests/Adventure/AdventureGameTest.php" line="21" assertions="1" time="0.006338"/>
        <testcase name="testCheckGameEnd" class="App\Adventure\AdventureGameTest" classname="App.Adventure.AdventureGameTest" file="/home/parv/dbwebb-kurser/mvc/me/report/tests/Adventure/AdventureGameTest.php" line="40" assertions="2" time="0.000512"/>
        <testcase name="testCheating" class="App\Adventure\AdventureGameTest" classname="App.Adventure.AdventureGameTest" file="/home/parv/dbwebb-kurser/mvc/me/report/tests/Adventure/AdventureGameTest.php" line="58" assertions="2" time="0.000224"/>
        <testcase name="testCurrentRoom" class="App\Adventure\AdventureGameTest" classname="App.Adventure.AdventureGameTest" file="/home/parv/dbwebb-kurser/mvc/me/report/tests/Adventure/AdventureGameTest.php" line="75" assertions="2" time="0.000221"/>
        <testcase name="testGetDescription" class="App\Adventure\AdventureGameTest" classname="App.Adventure.AdventureGameTest" file="/home/parv/dbwebb-kurser/mvc/me/report/tests/Adventure/AdventureGameTest.php" line="92" assertions="3" time="0.000226"/>
        <testcase name="testGetActions" class="App\Adventure\AdventureGameTest" classname="App.Adventure.AdventureGameTest" file="/home/parv/dbwebb-kurser/mvc/me/report/tests/Adventure/AdventureGameTest.php" line="114" assertions="3" time="0.001082"/>
        <testcase name="testUseAction" class="App\Adventure\AdventureGameTest" classname="App.Adventure.AdventureGameTest" file="/home/parv/dbwebb-kurser/mvc/me/report/tests/Adventure/AdventureGameTest.php" line="140" assertions="8" time="0.000315"/>
        <testcase name="testUseItem" class="App\Adventure\AdventureGameTest" classname="App.Adventure.AdventureGameTest" file="/home/parv/dbwebb-kurser/mvc/me/report/tests/Adventure/AdventureGameTest.php" line="196" assertions="3" time="0.000287"/>
      </testsuite>
      <testsuite name="App\Adventure\ItemTest" file="/home/parv/dbwebb-kurser/mvc/me/report/tests/Adventure/ItemTest.php" tests="3" assertions="3" errors="0" warnings="0" failures="0" skipped="0" time="0.000525">
        <testcase name="testCreate" class="App\Adventure\ItemTest" classname="App.Adventure.ItemTest" file="/home/parv/dbwebb-kurser/mvc/me/report/tests/Adventure/ItemTest.php" line="13" assertions="1" time="0.000174"/>
        <testcase name="testGetImage" class="App\Adventure\ItemTest" classname="App.Adventure.ItemTest" file="/home/parv/dbwebb-kurser/mvc/me/report/tests/Adventure/ItemTest.php" line="23" assertions="1" time="0.000174"/>
        <testcase name="testGetId" class="App\Adventure\ItemTest" classname="App.Adventure.ItemTest" file="/home/parv/dbwebb-kurser/mvc/me/report/tests/Adventure/ItemTest.php" line="34" assertions="1" time="0.000177"/>
      </testsuite>
      <testsuite name="App\Adventure\PlayerTest" file="/home/parv/dbwebb-kurser/mvc/me/report/tests/Adventure/PlayerTest.php" tests="3" assertions="4" errors="0" warnings="0" failures="0" skipped="0" time="0.000726">
        <testcase name="testCreate" class="App\Adventure\PlayerTest" classname="App.Adventure.PlayerTest" file="/home/parv/dbwebb-kurser/mvc/me/report/tests/Adventure/PlayerTest.php" line="16" assertions="1" time="0.000171"/>
        <testcase name="testInventory" class="App\Adventure\PlayerTest" classname="App.Adventure.PlayerTest" file="/home/parv/dbwebb-kurser/mvc/me/report/tests/Adventure/PlayerTest.php" line="26" assertions="1" time="0.000177"/>
        <testcase name="testLocation" class="App\Adventure\PlayerTest" classname="App.Adventure.PlayerTest" file="/home/parv/dbwebb-kurser/mvc/me/report/tests/Adventure/PlayerTest.php" line="39" assertions="2" time="0.000378"/>
      </testsuite>
      <testsuite name="App\Adventure\RoomTest" file="/home/parv/dbwebb-kurser/mvc/me/report/tests/Adventure/RoomTest.php" tests="9" assertions="17" errors="0" warnings="0" failures="0" skipped="0" time="0.001824">
        <testcase name="testCreate" class="App\Adventure\RoomTest" classname="App.Adventure.RoomTest" file="/home/parv/dbwebb-kurser/mvc/me/report/tests/Adventure/RoomTest.php" line="13" assertions="3" time="0.000206"/>
        <testcase name="testGetItem" class="App\Adventure\RoomTest" classname="App.Adventure.RoomTest" file="/home/parv/dbwebb-kurser/mvc/me/report/tests/Adventure/RoomTest.php" line="29" assertions="1" time="0.000200"/>
        <testcase name="testExpandedDescription" class="App\Adventure\RoomTest" classname="App.Adventure.RoomTest" file="/home/parv/dbwebb-kurser/mvc/me/report/tests/Adventure/RoomTest.php" line="41" assertions="2" time="0.000203"/>
        <testcase name="testExploreDescription" class="App\Adventure\RoomTest" classname="App.Adventure.RoomTest" file="/home/parv/dbwebb-kurser/mvc/me/report/tests/Adventure/RoomTest.php" line="57" assertions="3" time="0.000221"/>
        <testcase name="testVisistedDescription" class="App\Adventure\RoomTest" classname="App.Adventure.RoomTest" file="/home/parv/dbwebb-kurser/mvc/me/report/tests/Adventure/RoomTest.php" line="79" assertions="1" time="0.000198"/>
        <testcase name="testGetImage" class="App\Adventure\RoomTest" classname="App.Adventure.RoomTest" file="/home/parv/dbwebb-kurser/mvc/me/report/tests/Adventure/RoomTest.php" line="91" assertions="1" time="0.000179"/>
        <testcase name="testIsItemRequired" class="App\Adventure\RoomTest" classname="App.Adventure.RoomTest" file="/home/parv/dbwebb-kurser/mvc/me/report/tests/Adventure/RoomTest.php" line="103" assertions="2" time="0.000215"/>
        <testcase name="testGetAvailableConnectionsAsString" class="App\Adventure\RoomTest" classname="App.Adventure.RoomTest" file="/home/parv/dbwebb-kurser/mvc/me/report/tests/Adventure/RoomTest.php" line="119" assertions="2" time="0.000213"/>
        <testcase name="testGetItemsAsString" class="App\Adventure\RoomTest" classname="App.Adventure.RoomTest" file="/home/parv/dbwebb-kurser/mvc/me/report/tests/Adventure/RoomTest.php" line="137" assertions="2" time="0.000189"/>
      </testsuite>
      <testsuite name="App\Card\CardGraphicTest" file="/home/parv/dbwebb-kurser/mvc/me/report/tests/Card/CardGraphicTest.php" tests="2" assertions="2" errors="0" warnings="0" failures="0" skipped="0" time="0.000940">
        <testcase name="testCreateCard" class="App\Card\CardGraphicTest" classname="App.Card.CardGraphicTest" file="/home/parv/dbwebb-kurser/mvc/me/report/tests/Card/CardGraphicTest.php" line="16" assertions="1" time="0.000485"/>
        <testcase name="testGetAsString" class="App\Card\CardGraphicTest" classname="App.Card.CardGraphicTest" file="/home/parv/dbwebb-kurser/mvc/me/report/tests/Card/CardGraphicTest.php" line="25" assertions="1" time="0.000455"/>
      </testsuite>
      <testsuite name="App\Card\CardHandTest" file="/home/parv/dbwebb-kurser/mvc/me/report/tests/Card/CardHandTest.php" tests="5" assertions="7" errors="0" warnings="0" failures="0" skipped="0" time="0.001241">
        <testcase name="testCreateHand" class="App\Card\CardHandTest" classname="App.Card.CardHandTest" file="/home/parv/dbwebb-kurser/mvc/me/report/tests/Card/CardHandTest.php" line="16" assertions="1" time="0.000460"/>
        <testcase name="testAddCardToHand" class="App\Card\CardHandTest" classname="App.Card.CardHandTest" file="/home/parv/dbwebb-kurser/mvc/me/report/tests/Card/CardHandTest.php" line="25" assertions="2" time="0.000193"/>
        <testcase name="testGetNumberOfCards" class="App\Card\CardHandTest" classname="App.Card.CardHandTest" file="/home/parv/dbwebb-kurser/mvc/me/report/tests/Card/CardHandTest.php" line="40" assertions="1" time="0.000197"/>
        <testcase name="testGetCardValues" class="App\Card\CardHandTest" classname="App.Card.CardHandTest" file="/home/parv/dbwebb-kurser/mvc/me/report/tests/Card/CardHandTest.php" line="55" assertions="1" time="0.000193"/>
        <testcase name="testGetHandAsString" class="App\Card\CardHandTest" classname="App.Card.CardHandTest" file="/home/parv/dbwebb-kurser/mvc/me/report/tests/Card/CardHandTest.php" line="71" assertions="2" time="0.000198"/>
      </testsuite>
      <testsuite name="App\Card\CardTest" file="/home/parv/dbwebb-kurser/mvc/me/report/tests/Card/CardTest.php" tests="4" assertions="6" errors="0" warnings="0" failures="0" skipped="0" time="0.000713">
        <testcase name="testCreateCard" class="App\Card\CardTest" classname="App.Card.CardTest" file="/home/parv/dbwebb-kurser/mvc/me/report/tests/Card/CardTest.php" line="16" assertions="1" time="0.000182"/>
        <testcase name="testGetCardValue" class="App\Card\CardTest" classname="App.Card.CardTest" file="/home/parv/dbwebb-kurser/mvc/me/report/tests/Card/CardTest.php" line="25" assertions="2" time="0.000177"/>
        <testcase name="testGetCardSuit" class="App\Card\CardTest" classname="App.Card.CardTest" file="/home/parv/dbwebb-kurser/mvc/me/report/tests/Card/CardTest.php" line="40" assertions="2" time="0.000175"/>
        <testcase name="testGetAsString" class="App\Card\CardTest" classname="App.Card.CardTest" file="/home/parv/dbwebb-kurser/mvc/me/report/tests/Card/CardTest.php" line="55" assertions="1" time="0.000179"/>
      </testsuite>
      <testsuite name="App\Card\DeckOfCardsTest" file="/home/parv/dbwebb-kurser/mvc/me/report/tests/Card/DeckOfCardsTest.php" tests="11" assertions="34" errors="0" warnings="0" failures="0" skipped="0" time="0.067786">
        <testcase name="testCreateDeck" class="App\Card\DeckOfCardsTest" classname="App.Card.DeckOfCardsTest" file="/home/parv/dbwebb-kurser/mvc/me/report/tests/Card/DeckOfCardsTest.php" line="15" assertions="2" time="0.001016"/>
        <testcase name="testGetDeck" class="App\Card\DeckOfCardsTest" classname="App.Card.DeckOfCardsTest" file="/home/parv/dbwebb-kurser/mvc/me/report/tests/Card/DeckOfCardsTest.php" line="26" assertions="3" time="0.000328"/>
        <testcase name="testAdd" class="App\Card\DeckOfCardsTest" classname="App.Card.DeckOfCardsTest" file="/home/parv/dbwebb-kurser/mvc/me/report/tests/Card/DeckOfCardsTest.php" line="40" assertions="3" time="0.000352"/>
        <testcase name="testGetSuitAndValue" class="App\Card\DeckOfCardsTest" classname="App.Card.DeckOfCardsTest" file="/home/parv/dbwebb-kurser/mvc/me/report/tests/Card/DeckOfCardsTest.php" line="58" assertions="3" time="0.000395"/>
        <testcase name="testGetNumberOfCardsInDeck" class="App\Card\DeckOfCardsTest" classname="App.Card.DeckOfCardsTest" file="/home/parv/dbwebb-kurser/mvc/me/report/tests/Card/DeckOfCardsTest.php" line="72" assertions="2" time="0.000306"/>
        <testcase name="testGetCardValuesAsArray" class="App\Card\DeckOfCardsTest" classname="App.Card.DeckOfCardsTest" file="/home/parv/dbwebb-kurser/mvc/me/report/tests/Card/DeckOfCardsTest.php" line="86" assertions="3" time="0.000335"/>
        <testcase name="testGetCardsInDeckAsArrayOfStrings" class="App\Card\DeckOfCardsTest" classname="App.Card.DeckOfCardsTest" file="/home/parv/dbwebb-kurser/mvc/me/report/tests/Card/DeckOfCardsTest.php" line="99" assertions="3" time="0.000353"/>
        <testcase name="testGetSortedCardsInDeckAsArrayOfStrings" class="App\Card\DeckOfCardsTest" classname="App.Card.DeckOfCardsTest" file="/home/parv/dbwebb-kurser/mvc/me/report/tests/Card/DeckOfCardsTest.php" line="112" assertions="4" time="0.000980"/>
        <testcase name="testShuffleOfDeck" class="App\Card\DeckOfCardsTest" classname="App.Card.DeckOfCardsTest" file="/home/parv/dbwebb-kurser/mvc/me/report/tests/Card/DeckOfCardsTest.php" line="126" assertions="1" time="0.062950"/>
        <testcase name="testgetSortedBySuit" class="App\Card\DeckOfCardsTest" classname="App.Card.DeckOfCardsTest" file="/home/parv/dbwebb-kurser/mvc/me/report/tests/Card/DeckOfCardsTest.php" line="139" assertions="5" time="0.000446"/>
        <testcase name="testDrawingCardFromDeck" class="App\Card\DeckOfCardsTest" classname="App.Card.DeckOfCardsTest" file="/home/parv/dbwebb-kurser/mvc/me/report/tests/Card/DeckOfCardsTest.php" line="164" assertions="5" time="0.000325"/>
      </testsuite>
      <testsuite name="App\Dice\DiceGraphicTest" file="/home/parv/dbwebb-kurser/mvc/me/report/tests/Dice/DiceGraphicTest.php" tests="2" assertions="3" errors="0" warnings="0" failures="0" skipped="0" time="0.000698">
        <testcase name="testCreateDice" class="App\Dice\DiceGraphicTest" classname="App.Dice.DiceGraphicTest" file="/home/parv/dbwebb-kurser/mvc/me/report/tests/Dice/DiceGraphicTest.php" line="16" assertions="2" time="0.000486"/>
        <testcase name="testGetAsString" class="App\Dice\DiceGraphicTest" classname="App.Dice.DiceGraphicTest" file="/home/parv/dbwebb-kurser/mvc/me/report/tests/Dice/DiceGraphicTest.php" line="29" assertions="1" time="0.000211"/>
      </testsuite>
      <testsuite name="App\Dice\DiceHandTest" file="/home/parv/dbwebb-kurser/mvc/me/report/tests/Dice/DiceHandTest.php" tests="4" assertions="6" errors="0" warnings="0" failures="0" skipped="0" time="0.008744">
        <testcase name="testAddStubbedDices" class="App\Dice\DiceHandTest" classname="App.Dice.DiceHandTest" file="/home/parv/dbwebb-kurser/mvc/me/report/tests/Dice/DiceHandTest.php" line="15" assertions="1" time="0.007637"/>
        <testcase name="testGetNumberOfDices" class="App\Dice\DiceHandTest" classname="App.Dice.DiceHandTest" file="/home/parv/dbwebb-kurser/mvc/me/report/tests/Dice/DiceHandTest.php" line="40" assertions="1" time="0.000202"/>
        <testcase name="testRollDices" class="App\Dice\DiceHandTest" classname="App.Dice.DiceHandTest" file="/home/parv/dbwebb-kurser/mvc/me/report/tests/Dice/DiceHandTest.php" line="53" assertions="3" time="0.000589"/>
        <testcase name="testGetStringValues" class="App\Dice\DiceHandTest" classname="App.Dice.DiceHandTest" file="/home/parv/dbwebb-kurser/mvc/me/report/tests/Dice/DiceHandTest.php" line="70" assertions="1" time="0.000316"/>
      </testsuite>
      <testsuite name="App\Dice\DiceTest" file="/home/parv/dbwebb-kurser/mvc/me/report/tests/Dice/DiceTest.php" tests="2" assertions="3" errors="0" warnings="0" failures="0" skipped="0" time="0.000370">
        <testcase name="testCreateDice" class="App\Dice\DiceTest" classname="App.Dice.DiceTest" file="/home/parv/dbwebb-kurser/mvc/me/report/tests/Dice/DiceTest.php" line="16" assertions="2" time="0.000193"/>
        <testcase name="testGetAsString" class="App\Dice\DiceTest" classname="App.Dice.DiceTest" file="/home/parv/dbwebb-kurser/mvc/me/report/tests/Dice/DiceTest.php" line="29" assertions="1" time="0.000177"/>
      </testsuite>
      <testsuite name="App\TwentyOne\PlayerTest" file="/home/parv/dbwebb-kurser/mvc/me/report/tests/TwentyOne/PlayerTest.php" tests="4" assertions="9" errors="0" warnings="0" failures="0" skipped="0" time="0.001107">
        <testcase name="testCreatePlayer" class="App\TwentyOne\PlayerTest" classname="App.TwentyOne.PlayerTest" file="/home/parv/dbwebb-kurser/mvc/me/report/tests/TwentyOne/PlayerTest.php" line="18" assertions="1" time="0.000467"/>
        <testcase name="testGetValuesOfPlayerHand" class="App\TwentyOne\PlayerTest" classname="App.TwentyOne.PlayerTest" file="/home/parv/dbwebb-kurser/mvc/me/report/tests/TwentyOne/PlayerTest.php" line="30" assertions="3" time="0.000220"/>
        <testcase name="testIfPlayerHoldsAce" class="App\TwentyOne\PlayerTest" classname="App.TwentyOne.PlayerTest" file="/home/parv/dbwebb-kurser/mvc/me/report/tests/TwentyOne/PlayerTest.php" line="49" assertions="2" time="0.000207"/>
        <testcase name="testGetPlayerHandAsString" class="App\TwentyOne\PlayerTest" classname="App.TwentyOne.PlayerTest" file="/home/parv/dbwebb-kurser/mvc/me/report/tests/TwentyOne/PlayerTest.php" line="66" assertions="3" time="0.000214"/>
      </testsuite>
      <testsuite name="App\TwentyOne\TwentyOneTest" file="/home/parv/dbwebb-kurser/mvc/me/report/tests/TwentyOne/TwentyOneTest.php" tests="15" assertions="44" errors="0" warnings="0" failures="0" skipped="0" time="0.006232">
        <testcase name="testCreate" class="App\TwentyOne\TwentyOneTest" classname="App.TwentyOne.TwentyOneTest" file="/home/parv/dbwebb-kurser/mvc/me/report/tests/TwentyOne/TwentyOneTest.php" line="15" assertions="1" time="0.001014"/>
        <testcase name="testSetHandValues" class="App\TwentyOne\TwentyOneTest" classname="App.TwentyOne.TwentyOneTest" file="/home/parv/dbwebb-kurser/mvc/me/report/tests/TwentyOne/TwentyOneTest.php" line="28" assertions="5" time="0.000381"/>
        <testcase name="testGetSpecificHandValue" class="App\TwentyOne\TwentyOneTest" classname="App.TwentyOne.TwentyOneTest" file="/home/parv/dbwebb-kurser/mvc/me/report/tests/TwentyOne/TwentyOneTest.php" line="55" assertions="2" time="0.000350"/>
        <testcase name="testGetPlayerAndDealerObjects" class="App\TwentyOne\TwentyOneTest" classname="App.TwentyOne.TwentyOneTest" file="/home/parv/dbwebb-kurser/mvc/me/report/tests/TwentyOne/TwentyOneTest.php" line="77" assertions="2" time="0.000330"/>
        <testcase name="testCompareHands" class="App\TwentyOne\TwentyOneTest" classname="App.TwentyOne.TwentyOneTest" file="/home/parv/dbwebb-kurser/mvc/me/report/tests/TwentyOne/TwentyOneTest.php" line="93" assertions="3" time="0.000390"/>
        <testcase name="testSetWinner" class="App\TwentyOne\TwentyOneTest" classname="App.TwentyOne.TwentyOneTest" file="/home/parv/dbwebb-kurser/mvc/me/report/tests/TwentyOne/TwentyOneTest.php" line="127" assertions="2" time="0.000320"/>
        <testcase name="testDrawCard" class="App\TwentyOne\TwentyOneTest" classname="App.TwentyOne.TwentyOneTest" file="/home/parv/dbwebb-kurser/mvc/me/report/tests/TwentyOne/TwentyOneTest.php" line="145" assertions="4" time="0.000365"/>
        <testcase name="testStand" class="App\TwentyOne\TwentyOneTest" classname="App.TwentyOne.TwentyOneTest" file="/home/parv/dbwebb-kurser/mvc/me/report/tests/TwentyOne/TwentyOneTest.php" line="174" assertions="5" time="0.000385"/>
        <testcase name="testCheckPlayer" class="App\TwentyOne\TwentyOneTest" classname="App.TwentyOne.TwentyOneTest" file="/home/parv/dbwebb-kurser/mvc/me/report/tests/TwentyOne/TwentyOneTest.php" line="201" assertions="2" time="0.000364"/>
        <testcase name="testCheckDealer" class="App\TwentyOne\TwentyOneTest" classname="App.TwentyOne.TwentyOneTest" file="/home/parv/dbwebb-kurser/mvc/me/report/tests/TwentyOne/TwentyOneTest.php" line="226" assertions="2" time="0.000359"/>
        <testcase name="testCheckGameEnd" class="App\TwentyOne\TwentyOneTest" classname="App.TwentyOne.TwentyOneTest" file="/home/parv/dbwebb-kurser/mvc/me/report/tests/TwentyOne/TwentyOneTest.php" line="251" assertions="2" time="0.000376"/>
        <testcase name="testOpponentSimmulation" class="App\TwentyOne\TwentyOneTest" classname="App.TwentyOne.TwentyOneTest" file="/home/parv/dbwebb-kurser/mvc/me/report/tests/TwentyOne/TwentyOneTest.php" line="276" assertions="3" time="0.000405"/>
        <testcase name="testPlayRound" class="App\TwentyOne\TwentyOneTest" classname="App.TwentyOne.TwentyOneTest" file="/home/parv/dbwebb-kurser/mvc/me/report/tests/TwentyOne/TwentyOneTest.php" line="300" assertions="4" time="0.000449"/>
        <testcase name="testGetBestPlayerVal" class="App\TwentyOne\TwentyOneTest" classname="App.TwentyOne.TwentyOneTest" file="/home/parv/dbwebb-kurser/mvc/me/report/tests/TwentyOne/TwentyOneTest.php" line="326" assertions="3" time="0.000365"/>
        <testcase name="testGetBestDealerVal" class="App\TwentyOne\TwentyOneTest" classname="App.TwentyOne.TwentyOneTest" file="/home/parv/dbwebb-kurser/mvc/me/report/tests/TwentyOne/TwentyOneTest.php" line="357" assertions="4" time="0.000381"/>
      </testsuite>
    </testsuite>
  </testsuite>
</testsuites>
